<?xml version="1.0" encoding="UTF-8"?>
<!-- Generated by org.testng.reporters.JUnitXMLReporter -->
<testsuite hostname="DESKTOP-ANJK2SU" ignored="0" name="Test1" tests="4" failures="0" timestamp="21 Nov 2021 00:02:27 GMT" time="97.032" errors="0">
  <testcase name="userDetails01" time="5.134" classname="interviewPart2.paramerterizationExamination"/>
  <testcase name="userDetails01" time="4.503" classname="interviewPart2.paramerterizationExamination"/>
  <testcase name="userDetails02" time="4.381" classname="interviewPart2.paramerterizationExamination"/>
  <testcase name="userDetails02" time="4.323" classname="interviewPart2.paramerterizationExamination"/>
</testsuite> <!-- Test1 -->
