<?xml version="1.0" encoding="UTF-8"?>
<!-- Generated by org.testng.reporters.JUnitXMLReporter -->
<testsuite hostname="DESKTOP-ANJK2SU" ignored="1" name="Test(failed)" tests="1" failures="1" timestamp="21 Nov 2021 14:23:55 GMT" time="0.072" errors="0">
  <testcase name="testCase1" time="0.016" classname="interviewPart2.FailedTestCase">
    <failure type="java.lang.AssertionError" message="expected [false] but found [true]">
      <![CDATA[java.lang.AssertionError: expected [false] but found [true]
	at interviewPart2.FailedTestCase.testCase1(FailedTestCase.java:9)
... Removed 31 stack frames]]>
    </failure>
  </testcase> <!-- testCase1 -->
  <testcase name="testCase2" time="0.0" classname="interviewPart2.FailedTestCase">
    <ignored/>
  </testcase> <!-- testCase2 -->
</testsuite> <!-- Test(failed) -->
