<?xml version="1.0" encoding="UTF-8"?>
<testng-results skipped="0" failed="1" ignored="0" total="1" passed="0">
  <reporter-output>
  </reporter-output>
  <suite name="Default suite" duration-ms="18329" started-at="2022-01-27T09:05:40Z" finished-at="2022-01-27T09:05:58Z">
    <groups>
    </groups>
    <test name="Default test" duration-ms="18329" started-at="2022-01-27T09:05:40Z" finished-at="2022-01-27T09:05:58Z">
      <class name="adactin.TestNgPractice">
        <test-method status="PASS" signature="browserLaunch()[pri:0, instance:adactin.TestNgPractice@66a3ffec]" name="browserLaunch" is-config="true" duration-ms="42" started-at="2022-01-27T14:35:40Z" finished-at="2022-01-27T14:35:40Z">
          <reporter-output>
          </reporter-output>
        </test-method> <!-- browserLaunch -->
        <test-method status="PASS" signature="startTime()[pri:0, instance:adactin.TestNgPractice@66a3ffec]" name="startTime" is-config="true" duration-ms="79" started-at="2022-01-27T14:35:40Z" finished-at="2022-01-27T14:35:40Z">
          <reporter-output>
          </reporter-output>
        </test-method> <!-- startTime -->
        <test-method status="FAIL" signature="LoginPage()[pri:0, instance:adactin.TestNgPractice@66a3ffec]" name="LoginPage" duration-ms="18111" started-at="2022-01-27T14:35:40Z" finished-at="2022-01-27T14:35:58Z">
          <exception class="java.io.FileNotFoundException">
            <message>
              <![CDATA[C:\Users\Britto\eclipse-workspace\TestNgPractice\Driver\Adactin.xlsx (The system cannot find the path specified)]]>
            </message>
            <full-stacktrace>
              <![CDATA[java.io.FileNotFoundException: C:\Users\Britto\eclipse-workspace\TestNgPractice\Driver\Adactin.xlsx (The system cannot find the path specified)
	at java.io.FileInputStream.open0(Native Method)
	at java.io.FileInputStream.open(Unknown Source)
	at java.io.FileInputStream.<init>(Unknown Source)
	at adactin.BaseClass.readExcel(BaseClass.java:33)
	at adactin.TestNgPractice.LoginPage(TestNgPractice.java:30)
	at sun.reflect.NativeMethodAccessorImpl.invoke0(Native Method)
	at sun.reflect.NativeMethodAccessorImpl.invoke(Unknown Source)
	at sun.reflect.DelegatingMethodAccessorImpl.invoke(Unknown Source)
	at java.lang.reflect.Method.invoke(Unknown Source)
	at org.testng.internal.MethodInvocationHelper.invokeMethod(MethodInvocationHelper.java:108)
	at org.testng.internal.Invoker.invokeMethod(Invoker.java:661)
	at org.testng.internal.Invoker.invokeTestMethod(Invoker.java:869)
	at org.testng.internal.Invoker.invokeTestMethods(Invoker.java:1193)
	at org.testng.internal.TestMethodWorker.invokeTestMethods(TestMethodWorker.java:126)
	at org.testng.internal.TestMethodWorker.run(TestMethodWorker.java:109)
	at org.testng.TestRunner.privateRun(TestRunner.java:744)
	at org.testng.TestRunner.run(TestRunner.java:602)
	at org.testng.SuiteRunner.runTest(SuiteRunner.java:380)
	at org.testng.SuiteRunner.runSequentially(SuiteRunner.java:375)
	at org.testng.SuiteRunner.privateRun(SuiteRunner.java:340)
	at org.testng.SuiteRunner.run(SuiteRunner.java:289)
	at org.testng.SuiteRunnerWorker.runSuite(SuiteRunnerWorker.java:52)
	at org.testng.SuiteRunnerWorker.run(SuiteRunnerWorker.java:86)
	at org.testng.TestNG.runSuitesSequentially(TestNG.java:1301)
	at org.testng.TestNG.runSuitesLocally(TestNG.java:1226)
	at org.testng.TestNG.runSuites(TestNG.java:1144)
	at org.testng.TestNG.run(TestNG.java:1115)
	at org.testng.remote.AbstractRemoteTestNG.run(AbstractRemoteTestNG.java:132)
	at org.testng.remote.RemoteTestNG.initAndRun(RemoteTestNG.java:230)
	at org.testng.remote.RemoteTestNG.main(RemoteTestNG.java:76)
]]>
            </full-stacktrace>
          </exception> <!-- java.io.FileNotFoundException -->
          <reporter-output>
          </reporter-output>
        </test-method> <!-- LoginPage -->
        <test-method status="PASS" signature="endTime()[pri:0, instance:adactin.TestNgPractice@66a3ffec]" name="endTime" is-config="true" duration-ms="2" started-at="2022-01-27T14:35:58Z" finished-at="2022-01-27T14:35:58Z">
          <reporter-output>
          </reporter-output>
        </test-method> <!-- endTime -->
      </class> <!-- adactin.TestNgPractice -->
    </test> <!-- Default test -->
  </suite> <!-- Default suite -->
</testng-results>
